/home/hegwin/.rvm/gems/ruby-1.9.3-p327@ruby-console/gems/eventmachine-1.0.0/lib/eventmachine.rb:526:in `start_tcp_server': no acceptor (port is in use or requires root privileges) (RuntimeError)
	from /home/hegwin/.rvm/gems/ruby-1.9.3-p327@ruby-console/gems/eventmachine-1.0.0/lib/eventmachine.rb:526:in `start_server'
	from /home/hegwin/.rvm/gems/ruby-1.9.3-p327@ruby-console/gems/thin-1.5.0/lib/thin/backends/tcp_server.rb:16:in `connect'
	from /home/hegwin/.rvm/gems/ruby-1.9.3-p327@ruby-console/gems/thin-1.5.0/lib/thin/backends/base.rb:55:in `block in start'
	from /home/hegwin/.rvm/gems/ruby-1.9.3-p327@ruby-console/gems/eventmachine-1.0.0/lib/eventmachine.rb:187:in `call'
	from /home/hegwin/.rvm/gems/ruby-1.9.3-p327@ruby-console/gems/eventmachine-1.0.0/lib/eventmachine.rb:187:in `run_machine'
	from /home/hegwin/.rvm/gems/ruby-1.9.3-p327@ruby-console/gems/eventmachine-1.0.0/lib/eventmachine.rb:187:in `run'
	from /home/hegwin/.rvm/gems/ruby-1.9.3-p327@ruby-console/gems/thin-1.5.0/lib/thin/backends/base.rb:63:in `start'
	from /home/hegwin/.rvm/gems/ruby-1.9.3-p327@ruby-console/gems/thin-1.5.0/lib/thin/server.rb:159:in `start'
	from /home/hegwin/.rvm/gems/ruby-1.9.3-p327@ruby-console/gems/thin-1.5.0/lib/thin/controllers/controller.rb:86:in `start'
	from /home/hegwin/.rvm/gems/ruby-1.9.3-p327@ruby-console/gems/thin-1.5.0/lib/thin/runner.rb:187:in `run_command'
	from /home/hegwin/.rvm/gems/ruby-1.9.3-p327@ruby-console/gems/thin-1.5.0/lib/thin/runner.rb:152:in `run!'
	from /home/hegwin/.rvm/gems/ruby-1.9.3-p327@ruby-console/gems/thin-1.5.0/bin/thin:6:in `<top (required)>'
	from /home/hegwin/.rvm/gems/ruby-1.9.3-p327@ruby-console/bin/thin:19:in `load'
	from /home/hegwin/.rvm/gems/ruby-1.9.3-p327@ruby-console/bin/thin:19:in `<main>'
	from /home/hegwin/.rvm/gems/ruby-1.9.3-p327@ruby-console/bin/ruby_noexec_wrapper:14:in `eval'
	from /home/hegwin/.rvm/gems/ruby-1.9.3-p327@ruby-console/bin/ruby_noexec_wrapper:14:in `<main>'
>> Using rack adapter
>> Thin web server (v1.5.0 codename Knife)
>> Maximum connections set to 1024
>> Listening on 0.0.0.0:3000, CTRL+C to stop
